  AssetManager.cpp
  Collision.cpp
  Game.cpp
D:\CPP\krsch\Kursovaya_rabota\ECS.h(93,33): warning C4244: аргумент: преобразование "_Ty" в "float", возможна потеря данных
D:\CPP\krsch\Kursovaya_rabota\ECS.h(93,33): warning C4244:         with
D:\CPP\krsch\Kursovaya_rabota\ECS.h(93,33): warning C4244:         [
D:\CPP\krsch\Kursovaya_rabota\ECS.h(93,33): warning C4244:             _Ty=int
D:\CPP\krsch\Kursovaya_rabota\ECS.h(93,33): warning C4244:         ]
  (компиляция исходного файла "Game.cpp")
  D:\CPP\krsch\Kursovaya_rabota\ECS.h(93,33):
  контекст создания экземпляра шаблона (сначала самый старый)
  	D:\CPP\krsch\Kursovaya_rabota\Game.cpp(74,8):
  	выполняется компиляция ссылки на экземпляр шаблон функции "T &Entity::addComponent<TransformComponent,int,int,int,int,int>(int &&,int &&,int &&,int &&,int &&)"
          with
          [
              T=TransformComponent
          ]
  
  Map.cpp
  Создание кода...
  Kursovaya_rabota.vcxproj -> D:\CPP\krsch\x64\Debug\Kursovaya_rabota.exe
